<?xml version="1.0" encoding="UTF-8"?>
<testsuite name="packaging1.AppTest" time="0.002" tests="1" errors="1" skipped="0" failures="0">
  <properties>
    <property name="java.runtime.name" value="Java(TM) SE Runtime Environment"/>
    <property name="java.vm.version" value="12.0.1+12"/>
    <property name="sun.boot.library.path" value="C:\Program Files\Java\jdk-12.0.1\bin"/>
    <property name="maven.multiModuleProjectDirectory" value="D:\Java_sample_project\JavaProject\java-project"/>
    <property name="java.vm.vendor" value="Oracle Corporation"/>
    <property name="java.vendor.url" value="https://java.oracle.com/"/>
    <property name="guice.disable.misplaced.annotation.check" value="true"/>
    <property name="path.separator" value=";"/>
    <property name="java.vm.name" value="Java HotSpot(TM) 64-Bit Server VM"/>
    <property name="sun.os.patch.level" value=""/>
    <property name="user.script" value=""/>
    <property name="user.country" value="IN"/>
    <property name="sun.java.launcher" value="SUN_STANDARD"/>
    <property name="java.vm.specification.name" value="Java Virtual Machine Specification"/>
    <property name="user.dir" value="D:\Java_sample_project\JavaProject\java-project"/>
    <property name="java.vm.compressedOopsMode" value="Zero based"/>
    <property name="java.runtime.version" value="12.0.1+12"/>
    <property name="java.awt.graphicsenv" value="sun.awt.Win32GraphicsEnvironment"/>
    <property name="os.arch" value="amd64"/>
    <property name="java.io.tmpdir" value="C:\Users\ANUP~1.MIS\AppData\Local\Temp\"/>
    <property name="line.separator" value="&#10;"/>
    <property name="java.vm.specification.vendor" value="Oracle Corporation"/>
    <property name="user.variant" value=""/>
    <property name="os.name" value="Windows 10"/>
    <property name="classworlds.conf" value="D:\All Basic installation Softwares\apache-maven-3.6.1-bin\apache-maven-3.6.1\bin\..\bin\m2.conf"/>
    <property name="sun.jnu.encoding" value="Cp1252"/>
    <property name="java.library.path" value="C:\Program Files\Java\jdk-12.0.1\bin;C:\WINDOWS\Sun\Java\bin;C:\WINDOWS\system32;C:\WINDOWS;C:\WINDOWS\system32;C:\WINDOWS;C:\WINDOWS\System32\Wbem;C:\WINDOWS\System32\WindowsPowerShell\v1.0\;C:\WINDOWS\System32\OpenSSH\;C:\Program Files\TortoiseSVN\bin;C:\Program Files (x86)\Intel\Intel(R) Management Engine Components\DAL;C:\Program Files\Intel\Intel(R) Management Engine Components\DAL;C:\Program Files (x86)\Microsoft SQL Server\100\Tools\Binn\VSShell\Common7\IDE\;C:\Program Files (x86)\Microsoft SQL Server\100\Tools\Binn\;C:\Program Files\Microsoft SQL Server\100\Tools\Binn\;C:\Program Files (x86)\Microsoft SQL Server\100\DTS\Binn\;C:\Program Files\PuTTY\;C:\Program Files\Git\cmd;D:\All Basic installation Softwares\apache-maven-3.6.1-bin\apache-maven-3.6.1\bin;C:\Users\anup.mishra\AppData\Local\Microsoft\WindowsApps;;."/>
    <property name="maven.conf" value="D:\All Basic installation Softwares\apache-maven-3.6.1-bin\apache-maven-3.6.1\bin\../conf"/>
    <property name="jdk.debug" value="release"/>
    <property name="java.class.version" value="56.0"/>
    <property name="java.specification.name" value="Java Platform API Specification"/>
    <property name="sun.management.compiler" value="HotSpot 64-Bit Tiered Compilers"/>
    <property name="os.version" value="10.0"/>
    <property name="library.jansi.path" value="D:\All Basic installation Softwares\apache-maven-3.6.1-bin\apache-maven-3.6.1\bin\..\lib\jansi-native"/>
    <property name="user.home" value="C:\Users\anup.mishra"/>
    <property name="user.timezone" value="Asia/Calcutta"/>
    <property name="file.encoding" value="Cp1252"/>
    <property name="java.specification.version" value="12"/>
    <property name="user.name" value="anup.mishra"/>
    <property name="java.class.path" value="D:\All Basic installation Softwares\apache-maven-3.6.1-bin\apache-maven-3.6.1\bin\..\boot\plexus-classworlds-2.6.0.jar"/>
    <property name="java.vm.specification.version" value="12"/>
    <property name="sun.arch.data.model" value="64"/>
    <property name="sun.java.command" value="org.codehaus.plexus.classworlds.launcher.Launcher package"/>
    <property name="java.home" value="C:\Program Files\Java\jdk-12.0.1"/>
    <property name="user.language" value="en"/>
    <property name="java.specification.vendor" value="Oracle Corporation"/>
    <property name="awt.toolkit" value="sun.awt.windows.WToolkit"/>
    <property name="java.vm.info" value="mixed mode, sharing"/>
    <property name="java.version" value="12.0.1"/>
    <property name="java.vendor" value="Oracle Corporation"/>
    <property name="maven.home" value="D:\All Basic installation Softwares\apache-maven-3.6.1-bin\apache-maven-3.6.1\bin\.."/>
    <property name="file.separator" value="\"/>
    <property name="java.version.date" value="2019-04-16"/>
    <property name="java.vendor.url.bug" value="https://bugreport.java.com/bugreport/"/>
    <property name="sun.io.unicode.encoding" value="UnicodeLittle"/>
    <property name="sun.cpu.endian" value="little"/>
    <property name="sun.desktop" value="windows"/>
    <property name="sun.cpu.isalist" value="amd64"/>
  </properties>
  <testcase name="initializationError" classname="packaging1.AppTest" time="0.002">
    <error message="Lpackaging1/App;" type="java.lang.NoClassDefFoundError"><![CDATA[java.lang.NoClassDefFoundError: Lpackaging1/App;
	at java.base/java.lang.Class.getDeclaredFields0(Native Method)
	at java.base/java.lang.Class.privateGetDeclaredFields(Class.java:3067)
	at java.base/java.lang.Class.getDeclaredFields(Class.java:2254)
	at org.junit.runners.model.TestClass.<init>(TestClass.java:49)
	at org.junit.runners.ParentRunner.<init>(ParentRunner.java:75)
	at org.junit.runners.BlockJUnit4ClassRunner.<init>(BlockJUnit4ClassRunner.java:57)
	at org.springframework.test.context.junit4.SpringJUnit4ClassRunner.<init>(SpringJUnit4ClassRunner.java:104)
	at java.base/jdk.internal.reflect.NativeConstructorAccessorImpl.newInstance0(Native Method)
	at java.base/jdk.internal.reflect.NativeConstructorAccessorImpl.newInstance(NativeConstructorAccessorImpl.java:62)
	at java.base/jdk.internal.reflect.DelegatingConstructorAccessorImpl.newInstance(DelegatingConstructorAccessorImpl.java:45)
	at java.base/java.lang.reflect.Constructor.newInstanceWithCaller(Constructor.java:500)
	at java.base/java.lang.reflect.Constructor.newInstance(Constructor.java:481)
	at org.junit.internal.builders.AnnotatedBuilder.buildRunner(AnnotatedBuilder.java:29)
	at org.junit.internal.builders.AnnotatedBuilder.runnerForClass(AnnotatedBuilder.java:21)
	at org.junit.runners.model.RunnerBuilder.safeRunnerForClass(RunnerBuilder.java:59)
	at org.junit.internal.builders.AllDefaultPossibilitiesBuilder.runnerForClass(AllDefaultPossibilitiesBuilder.java:26)
	at org.junit.runner.Computer.getRunner(Computer.java:40)
	at org.apache.maven.surefire.junitcore.ConfigurableParallelComputer.getRunner(ConfigurableParallelComputer.java:142)
	at org.junit.runner.Computer$1.runnerForClass(Computer.java:31)
	at org.junit.runners.model.RunnerBuilder.safeRunnerForClass(RunnerBuilder.java:59)
	at org.junit.runners.model.RunnerBuilder.runners(RunnerBuilder.java:101)
	at org.junit.runners.model.RunnerBuilder.runners(RunnerBuilder.java:87)
	at org.junit.runners.Suite.<init>(Suite.java:80)
	at org.junit.runner.Computer.getSuite(Computer.java:28)
	at org.apache.maven.surefire.junitcore.ConfigurableParallelComputer.getSuite(ConfigurableParallelComputer.java:134)
	at org.junit.runner.Request.classes(Request.java:75)
	at org.apache.maven.surefire.junitcore.JUnitCoreWrapper.createReqestAndRun(JUnitCoreWrapper.java:128)
	at org.apache.maven.surefire.junitcore.JUnitCoreWrapper.exeuteLazy(JUnitCoreWrapper.java:121)
	at org.apache.maven.surefire.junitcore.JUnitCoreWrapper.execute(JUnitCoreWrapper.java:88)
	at org.apache.maven.surefire.junitcore.JUnitCoreProvider.invoke(JUnitCoreProvider.java:135)
	at org.apache.maven.surefire.booter.ForkedBooter.invokeProviderInSameClassLoader(ForkedBooter.java:200)
	at org.apache.maven.surefire.booter.ForkedBooter.runSuitesInProcess(ForkedBooter.java:153)
	at org.apache.maven.surefire.booter.ForkedBooter.main(ForkedBooter.java:103)
Caused by: java.lang.ClassNotFoundException: packaging1.App
	at java.base/jdk.internal.loader.BuiltinClassLoader.loadClass(BuiltinClassLoader.java:583)
	at java.base/jdk.internal.loader.ClassLoaders$AppClassLoader.loadClass(ClassLoaders.java:178)
	at java.base/java.lang.ClassLoader.loadClass(ClassLoader.java:521)
	at java.base/java.lang.Class.getDeclaredFields0(Native Method)
	at java.base/java.lang.Class.privateGetDeclaredFields(Class.java:3067)
	at java.base/java.lang.Class.getDeclaredFields(Class.java:2254)
	at org.junit.runners.model.TestClass.<init>(TestClass.java:49)
	at org.junit.runners.ParentRunner.<init>(ParentRunner.java:75)
	at org.junit.runners.BlockJUnit4ClassRunner.<init>(BlockJUnit4ClassRunner.java:57)
	at org.springframework.test.context.junit4.SpringJUnit4ClassRunner.<init>(SpringJUnit4ClassRunner.java:104)
	at java.base/jdk.internal.reflect.NativeConstructorAccessorImpl.newInstance0(Native Method)
	at java.base/jdk.internal.reflect.NativeConstructorAccessorImpl.newInstance(NativeConstructorAccessorImpl.java:62)
	at java.base/jdk.internal.reflect.DelegatingConstructorAccessorImpl.newInstance(DelegatingConstructorAccessorImpl.java:45)
	at java.base/java.lang.reflect.Constructor.newInstanceWithCaller(Constructor.java:500)
	at java.base/java.lang.reflect.Constructor.newInstance(Constructor.java:481)
	at org.junit.internal.builders.AnnotatedBuilder.buildRunner(AnnotatedBuilder.java:29)
	at org.junit.internal.builders.AnnotatedBuilder.runnerForClass(AnnotatedBuilder.java:21)
	at org.junit.runners.model.RunnerBuilder.safeRunnerForClass(RunnerBuilder.java:59)
	at org.junit.internal.builders.AllDefaultPossibilitiesBuilder.runnerForClass(AllDefaultPossibilitiesBuilder.java:26)
	at org.junit.runner.Computer.getRunner(Computer.java:40)
	at org.apache.maven.surefire.junitcore.ConfigurableParallelComputer.getRunner(ConfigurableParallelComputer.java:142)
	at org.junit.runner.Computer$1.runnerForClass(Computer.java:31)
	at org.junit.runners.model.RunnerBuilder.safeRunnerForClass(RunnerBuilder.java:59)
	at org.junit.runners.model.RunnerBuilder.runners(RunnerBuilder.java:101)
	at org.junit.runners.model.RunnerBuilder.runners(RunnerBuilder.java:87)
	at org.junit.runners.Suite.<init>(Suite.java:80)
	at org.junit.runner.Computer.getSuite(Computer.java:28)
	at org.apache.maven.surefire.junitcore.ConfigurableParallelComputer.getSuite(ConfigurableParallelComputer.java:134)
	at org.junit.runner.Request.classes(Request.java:75)
	at org.apache.maven.surefire.junitcore.JUnitCoreWrapper.createReqestAndRun(JUnitCoreWrapper.java:128)
	at org.apache.maven.surefire.junitcore.JUnitCoreWrapper.exeuteLazy(JUnitCoreWrapper.java:121)
	at org.apache.maven.surefire.junitcore.JUnitCoreWrapper.execute(JUnitCoreWrapper.java:88)
	at org.apache.maven.surefire.junitcore.JUnitCoreProvider.invoke(JUnitCoreProvider.java:135)
	at org.apache.maven.surefire.booter.ForkedBooter.invokeProviderInSameClassLoader(ForkedBooter.java:200)
	at org.apache.maven.surefire.booter.ForkedBooter.runSuitesInProcess(ForkedBooter.java:153)
	at org.apache.maven.surefire.booter.ForkedBooter.main(ForkedBooter.java:103)
]]></error>
  </testcase>
</testsuite>